<?xml version="1.0" encoding="UTF-8"?>
<!-- Generated by org.testng.reporters.JUnitReportReporter -->
<testsuite skipped="0" hostname="rose-PC" name="execute.ExecutePaySlip" tests="2" failures="0" timestamp="28 Jun 2021 16:06:58 GMT" time="107.629" errors="0">
  <testcase name="testCase01verifyDeductionFunctionalityTab" time="74.751" classname="execute.ExecutePaySlip"/>
  <testcase name="testCase02verifypdfFunctionalityTab" time="32.878" classname="execute.ExecutePaySlip"/>
</testsuite> <!-- execute.ExecutePaySlip -->
