<?xml version="1.0" encoding="UTF-8"?>
<!-- Generated by org.testng.reporters.JUnitReportReporter -->
<testsuite skipped="3" hostname="rose-PC" name="execute.ExecuteLogin" tests="4" failures="0" timestamp="30 Jun 2021 12:42:35 GMT" time="49.244" errors="0">
  <testcase name="testCase04VerifyValidLoginFunctionality" time="49.244" classname="execute.ExecuteLogin"/>
  <testcase name="testCase01VerifyrememberMeCheckbox" classname="execute.ExecuteLogin">
    <skipped/>
  </testcase> <!-- testCase01VerifyrememberMeCheckbox -->
  <testcase name="testCase02VerifyresetitLink" classname="execute.ExecuteLogin">
    <skipped/>
  </testcase> <!-- testCase02VerifyresetitLink -->
  <testcase name="testCase03VerifyInValidLoginFunctionality" classname="execute.ExecuteLogin">
    <skipped/>
  </testcase> <!-- testCase03VerifyInValidLoginFunctionality -->
</testsuite> <!-- execute.ExecuteLogin -->
