<?xml version="1.0" encoding="UTF-8"?>
<!-- Generated by org.testng.reporters.JUnitReportReporter -->
<testsuite skipped="0" hostname="rose-PC" name="execute.ExecuteHome" tests="3" failures="0" timestamp="01 Jul 2021 13:15:32 GMT" time="46.281" errors="0">
  <testcase name="testCase02verifySettingTabFunctionality" time="16.750" classname="execute.ExecuteHome"/>
  <testcase name="testCase01verifyLogOutFunctionality" time="14.940" classname="execute.ExecuteHome"/>
  <testcase name="testCase03verifylogoFontSize" time="14.591" classname="execute.ExecuteHome"/>
</testsuite> <!-- execute.ExecuteHome -->
